<?xml version="1.0" encoding="UTF-8"?>
<testng-results ignored="0" total="1" passed="1" failed="0" skipped="0">
  <reporter-output>
  </reporter-output>
  <suite started-at="2025-07-30T09:35:06 IST" name="Suite" finished-at="2025-07-30T09:35:09 IST" duration-ms="2445">
    <groups>
    </groups>
    <test started-at="2025-07-30T09:35:06 IST" name="Test" finished-at="2025-07-30T09:35:09 IST" duration-ms="2445">
      <class name="tests.HealthCheckTest">
        <test-method is-config="true" signature="beforeSuite()[pri:0, instance:tests.HealthCheckTest@1a451d4d]" started-at="2025-07-30T09:35:06 IST" name="beforeSuite" finished-at="2025-07-30T09:35:06 IST" duration-ms="173" status="PASS">
          <reporter-output>
          </reporter-output>
        </test-method> <!-- beforeSuite -->
        <test-method is-config="true" signature="setup()[pri:0, instance:tests.HealthCheckTest@1a451d4d]" started-at="2025-07-30T09:35:06 IST" name="setup" finished-at="2025-07-30T09:35:08 IST" duration-ms="2294" status="PASS">
          <reporter-output>
          </reporter-output>
        </test-method> <!-- setup -->
        <test-method signature="testApiIsUp()[pri:0, instance:tests.HealthCheckTest@1a451d4d]" started-at="2025-07-30T09:35:08 IST" name="testApiIsUp" finished-at="2025-07-30T09:35:09 IST" duration-ms="123" status="PASS">
          <reporter-output>
          </reporter-output>
        </test-method> <!-- testApiIsUp -->
        <test-method is-config="true" signature="afterSuite()[pri:0, instance:tests.HealthCheckTest@1a451d4d]" started-at="2025-07-30T09:35:09 IST" name="afterSuite" finished-at="2025-07-30T09:35:09 IST" duration-ms="8" status="PASS">
          <reporter-output>
          </reporter-output>
        </test-method> <!-- afterSuite -->
      </class> <!-- tests.HealthCheckTest -->
    </test> <!-- Test -->
  </suite> <!-- Suite -->
</testng-results>
