<?xml version="1.0" encoding="UTF-8"?>
<testng-results ignored="0" total="1" passed="1" failed="0" skipped="0">
  <reporter-output>
  </reporter-output>
  <suite started-at="2025-07-27T16:07:10 IST" name="Default suite" finished-at="2025-07-27T16:07:11 IST" duration-ms="1389">
    <groups>
    </groups>
    <test started-at="2025-07-27T16:07:10 IST" name="Default test" finished-at="2025-07-27T16:07:11 IST" duration-ms="1389">
      <class name="tests.HealthCheckTest">
        <test-method is-config="true" signature="beforeSuite()[pri:0, instance:tests.HealthCheckTest@65fb9ffc]" started-at="2025-07-27T16:07:10 IST" name="beforeSuite" finished-at="2025-07-27T16:07:10 IST" duration-ms="204" status="PASS">
          <reporter-output>
          </reporter-output>
        </test-method> <!-- beforeSuite -->
        <test-method signature="testApiIsUp()[pri:0, instance:tests.HealthCheckTest@65fb9ffc]" started-at="2025-07-27T16:07:10 IST" name="testApiIsUp" finished-at="2025-07-27T16:07:11 IST" duration-ms="1362" status="PASS">
          <reporter-output>
          </reporter-output>
        </test-method> <!-- testApiIsUp -->
        <test-method is-config="true" signature="afterSuite()[pri:0, instance:tests.HealthCheckTest@65fb9ffc]" started-at="2025-07-27T16:07:11 IST" name="afterSuite" finished-at="2025-07-27T16:07:12 IST" duration-ms="223" status="PASS">
          <reporter-output>
          </reporter-output>
        </test-method> <!-- afterSuite -->
      </class> <!-- tests.HealthCheckTest -->
    </test> <!-- Default test -->
  </suite> <!-- Default suite -->
</testng-results>
